# JRE version: Java(TM) SE Runtime Environment (8.0_191-b12) (build 1.8.0_191-b12)
# Java VM: Java HotSpot(TM) 64-Bit Server VM (25.191-b12 mixed mode windows-amd64 compressed oops)
Heap:
 def new generation   total 19648K, used 4645K [0x00000000c0000000, 0x00000000c1550000, 0x00000000d5550000)
  eden space 17472K,  14% used [0x00000000c0000000, 0x00000000c0269410, 0x00000000c1110000)
  from space 2176K, 100% used [0x00000000c1330000, 0x00000000c1550000, 0x00000000c1550000)
  to   space 2176K,   0% used [0x00000000c1110000, 0x00000000c1110000, 0x00000000c1330000)
 tenured generation   total 43712K, used 12082K [0x00000000d5550000, 0x00000000d8000000, 0x0000000100000000)
   the space 43712K,  27% used [0x00000000d5550000, 0x00000000d611c900, 0x00000000d611ca00, 0x00000000d8000000)
 Metaspace       used 20396K, capacity 21036K, committed 21296K, reserved 1069056K
  class space    used 2415K, capacity 2604K, committed 2688K, reserved 1048576K
GC Heap History (10 events):
Event: 10.002 GC heap before
{Heap before GC invocations=6 (full 0):
 def new generation   total 19648K, used 18736K [0x00000000c0000000, 0x00000000c1550000, 0x00000000d5550000)
  eden space 17472K, 100% used [0x00000000c0000000, 0x00000000c1110000, 0x00000000c1110000)
  from space 2176K,  58% used [0x00000000c1110000, 0x00000000c124c350, 0x00000000c1330000)
  to   space 2176K,   0% used [0x00000000c1330000, 0x00000000c1330000, 0x00000000c1550000)
 tenured generation   total 43712K, used 7363K [0x00000000d5550000, 0x00000000d8000000, 0x0000000100000000)
   the space 43712K,  16% used [0x00000000d5550000, 0x00000000d5c80e70, 0x00000000d5c81000, 0x00000000d8000000)
 Metaspace       used 15471K, capacity 15766K, committed 15872K, reserved 1062912K
  class space    used 1872K, capacity 1983K, committed 2048K, reserved 1048576K
Event: 10.011 GC heap after
Heap after GC invocations=7 (full 0):
 def new generation   total 19648K, used 1300K [0x00000000c0000000, 0x00000000c1550000, 0x00000000d5550000)
  eden space 17472K,   0% used [0x00000000c0000000, 0x00000000c0000000, 0x00000000c1110000)
  from space 2176K,  59% used [0x00000000c1330000, 0x00000000c1475050, 0x00000000c1550000)
  to   space 2176K,   0% used [0x00000000c1110000, 0x00000000c1110000, 0x00000000c1330000)
 tenured generation   total 43712K, used 8416K [0x00000000d5550000, 0x00000000d8000000, 0x0000000100000000)
   the space 43712K,  19% used [0x00000000d5550000, 0x00000000d5d88010, 0x00000000d5d88200, 0x00000000d8000000)
 Metaspace       used 15471K, capacity 15766K, committed 15872K, reserved 1062912K
  class space    used 1872K, capacity 1983K, committed 2048K, reserved 1048576K
}
Event: 11.696 GC heap before
{Heap before GC invocations=7 (full 0):
 def new generation   total 19648K, used 18772K [0x00000000c0000000, 0x00000000c1550000, 0x00000000d5550000)
  eden space 17472K, 100% used [0x00000000c0000000, 0x00000000c1110000, 0x00000000c1110000)
  from space 2176K,  59% used [0x00000000c1330000, 0x00000000c1475050, 0x00000000c1550000)
  to   space 2176K,   0% used [0x00000000c1110000, 0x00000000c1110000, 0x00000000c1330000)
 tenured generation   total 43712K, used 8416K [0x00000000d5550000, 0x00000000d8000000, 0x0000000100000000)
   the space 43712K,  19% used [0x00000000d5550000, 0x00000000d5d88010, 0x00000000d5d88200, 0x00000000d8000000)
 Metaspace       used 15982K, capacity 16316K, committed 16384K, reserved 1062912K
  class space    used 1913K, capacity 2016K, committed 2048K, reserved 1048576K
Event: 11.709 GC heap after
Heap after GC invocations=8 (full 0):
 def new generation   total 19648K, used 1205K [0x00000000c0000000, 0x00000000c1550000, 0x00000000d5550000)
  eden space 17472K,   0% used [0x00000000c0000000, 0x00000000c0000000, 0x00000000c1110000)
  from space 2176K,  55% used [0x00000000c1110000, 0x00000000c123d6c8, 0x00000000c1330000)
  to   space 2176K,   0% used [0x00000000c1330000, 0x00000000c1330000, 0x00000000c1550000)
 tenured generation   total 43712K, used 9255K [0x00000000d5550000, 0x00000000d8000000, 0x0000000100000000)
   the space 43712K,  21% used [0x00000000d5550000, 0x00000000d5e59cb8, 0x00000000d5e59e00, 0x00000000d8000000)
 Metaspace       used 15982K, capacity 16316K, committed 16384K, reserved 1062912K
  class space    used 1913K, capacity 2016K, committed 2048K, reserved 1048576K
}
Event: 13.387 GC heap before
{Heap before GC invocations=8 (full 0):
 def new generation   total 19648K, used 18677K [0x00000000c0000000, 0x00000000c1550000, 0x00000000d5550000)
  eden space 17472K, 100% used [0x00000000c0000000, 0x00000000c1110000, 0x00000000c1110000)
  from space 2176K,  55% used [0x00000000c1110000, 0x00000000c123d6c8, 0x00000000c1330000)
  to   space 2176K,   0% used [0x00000000c1330000, 0x00000000c1330000, 0x00000000c1550000)
 tenured generation   total 43712K, used 9255K [0x00000000d5550000, 0x00000000d8000000, 0x0000000100000000)
   the space 43712K,  21% used [0x00000000d5550000, 0x00000000d5e59cb8, 0x00000000d5e59e00, 0x00000000d8000000)
 Metaspace       used 16503K, capacity 16940K, committed 17280K, reserved 1064960K
  class space    used 1942K, capacity 2056K, committed 2176K, reserved 1048576K
Event: 13.399 GC heap after
Heap after GC invocations=9 (full 0):
 def new generation   total 19648K, used 1429K [0x00000000c0000000, 0x00000000c1550000, 0x00000000d5550000)
  eden space 17472K,   0% used [0x00000000c0000000, 0x00000000c0000000, 0x00000000c1110000)
  from space 2176K,  65% used [0x00000000c1330000, 0x00000000c14954a0, 0x00000000c1550000)
  to   space 2176K,   0% used [0x00000000c1110000, 0x00000000c1110000, 0x00000000c1330000)
 tenured generation   total 43712K, used 10033K [0x00000000d5550000, 0x00000000d8000000, 0x0000000100000000)
   the space 43712K,  22% used [0x00000000d5550000, 0x00000000d5f1c408, 0x00000000d5f1c600, 0x00000000d8000000)
 Metaspace       used 16503K, capacity 16940K, committed 17280K, reserved 1064960K
  class space    used 1942K, capacity 2056K, committed 2176K, reserved 1048576K
}
Event: 14.282 GC heap before
{Heap before GC invocations=9 (full 0):
 def new generation   total 19648K, used 18901K [0x00000000c0000000, 0x00000000c1550000, 0x00000000d5550000)
  eden space 17472K, 100% used [0x00000000c0000000, 0x00000000c1110000, 0x00000000c1110000)
  from space 2176K,  65% used [0x00000000c1330000, 0x00000000c14954a0, 0x00000000c1550000)
  to   space 2176K,   0% used [0x00000000c1110000, 0x00000000c1110000, 0x00000000c1330000)
 tenured generation   total 43712K, used 10033K [0x00000000d5550000, 0x00000000d8000000, 0x0000000100000000)
   the space 43712K,  22% used [0x00000000d5550000, 0x00000000d5f1c408, 0x00000000d5f1c600, 0x00000000d8000000)
 Metaspace       used 17075K, capacity 17596K, committed 17792K, reserved 1064960K
  class space    used 1990K, capacity 2163K, committed 2176K, reserved 1048576K
Event: 14.292 GC heap after
Heap after GC invocations=10 (full 0):
 def new generation   total 19648K, used 1513K [0x00000000c0000000, 0x00000000c1550000, 0x00000000d5550000)
  eden space 17472K,   0% used [0x00000000c0000000, 0x00000000c0000000, 0x00000000c1110000)
  from space 2176K,  69% used [0x00000000c1110000, 0x00000000c128a450, 0x00000000c1330000)
  to   space 2176K,   0% used [0x00000000c1330000, 0x00000000c1330000, 0x00000000c1550000)
 tenured generation   total 43712K, used 10842K [0x00000000d5550000, 0x00000000d8000000, 0x0000000100000000)
   the space 43712K,  24% used [0x00000000d5550000, 0x00000000d5fe6a10, 0x00000000d5fe6c00, 0x00000000d8000000)
 Metaspace       used 17075K, capacity 17596K, committed 17792K, reserved 1064960K
  class space    used 1990K, capacity 2163K, committed 2176K, reserved 1048576K
}
Event: 17.164 GC heap before
{Heap before GC invocations=10 (full 0):
 def new generation   total 19648K, used 18985K [0x00000000c0000000, 0x00000000c1550000, 0x00000000d5550000)
  eden space 17472K, 100% used [0x00000000c0000000, 0x00000000c1110000, 0x00000000c1110000)
  from space 2176K,  69% used [0x00000000c1110000, 0x00000000c128a450, 0x00000000c1330000)
  to   space 2176K,   0% used [0x00000000c1330000, 0x00000000c1330000, 0x00000000c1550000)
 tenured generation   total 43712K, used 10842K [0x00000000d5550000, 0x00000000d8000000, 0x0000000100000000)
   the space 43712K,  24% used [0x00000000d5550000, 0x00000000d5fe6a10, 0x00000000d5fe6c00, 0x00000000d8000000)
 Metaspace       used 20349K, capacity 20950K, committed 21120K, reserved 1067008K
  class space    used 2411K, capacity 2598K, committed 2688K, reserved 1048576K
Event: 17.177 GC heap after
Heap after GC invocations=11 (full 0):
 def new generation   total 19648K, used 2176K [0x00000000c0000000, 0x00000000c1550000, 0x00000000d5550000)
  eden space 17472K,   0% used [0x00000000c0000000, 0x00000000c0000000, 0x00000000c1110000)
  from space 2176K, 100% used [0x00000000c1330000, 0x00000000c1550000, 0x00000000c1550000)
  to   space 2176K,   0% used [0x00000000c1110000, 0x00000000c1110000, 0x00000000c1330000)
 tenured generation   total 43712K, used 12082K [0x00000000d5550000, 0x00000000d8000000, 0x0000000100000000)
   the space 43712K,  27% used [0x00000000d5550000, 0x00000000d611c900, 0x00000000d611ca00, 0x00000000d8000000)
 Metaspace       used 20349K, capacity 20950K, committed 21120K, reserved 1067008K
  class space    used 2411K, capacity 2598K, committed 2688K, reserved 1048576K
}

